<?xml version="1.0" encoding="UTF-8"?>
<!-- Generated by org.testng.reporters.JUnitReportReporter -->
<testsuite skipped="0" hostname="LAPTOP-6E8K1J3V" name="hrmLogin.LoginDemo" tests="1" failures="0" timestamp="20 Oct 2022 14:03:04 GMT" time="9.982" errors="0">
  <testcase name="operation" time="9.982" classname="hrmLogin.LoginDemo"/>
</testsuite> <!-- hrmLogin.LoginDemo -->
