<?xml version="1.0" encoding="UTF-8"?>
<!-- Generated by org.testng.reporters.JUnitReportReporter -->
<testsuite skipped="0" hostname="LAPTOP-6E8K1J3V" name="hrmLogin.FacebookLogin" tests="2" failures="0" timestamp="02 Nov 2022 17:35:43 GMT" time="31.332" errors="0">
  <testcase name="operation" time="4.180" classname="hrmLogin.FacebookLogin"/>
  <testcase name="validation" time="27.152" classname="hrmLogin.FacebookLogin"/>
</testsuite> <!-- hrmLogin.FacebookLogin -->
